[debug] [2025-05-06T16:15:56.574Z] ----------------------------------------------------------------------
[debug] [2025-05-06T16:15:56.577Z] Command:       C:\Program Files\nodejs\node.exe C:\Users\Amit Biswas\AppData\Roaming\npm\node_modules\firebase-tools\lib\bin\firebase.js init functions
[debug] [2025-05-06T16:15:56.577Z] CLI Version:   14.2.2
[debug] [2025-05-06T16:15:56.577Z] Platform:      win32
[debug] [2025-05-06T16:15:56.577Z] Node Version:  v22.15.0
[debug] [2025-05-06T16:15:56.578Z] Time:          Tue May 06 2025 22:15:56 GMT+0600 (Bangladesh Standard Time)
[debug] [2025-05-06T16:15:56.578Z] ----------------------------------------------------------------------
[debug] 
[debug] [2025-05-06T16:15:56.584Z] > command requires scopes: ["email","openid","https://www.googleapis.com/auth/cloudplatformprojects.readonly","https://www.googleapis.com/auth/firebase","https://www.googleapis.com/auth/cloud-platform"]
[debug] [2025-05-06T16:15:56.585Z] > authorizing via signed-in user (amitbiswasinfo07@gmail.com)
[info] 
     ######## #### ########  ######## ########     ###     ######  ########
     ##        ##  ##     ## ##       ##     ##  ##   ##  ##       ##
     ######    ##  ########  ######   ########  #########  ######  ######
     ##        ##  ##    ##  ##       ##     ## ##     ##       ## ##
     ##       #### ##     ## ######## ########  ##     ##  ######  ########

You're about to initialize a Firebase project in this directory:

  C:\Users\Amit Biswas\Desktop\Web Development\Milestone 11\Assignment 11 B9\b9a11-server-side-Amit44777

[info] 
=== Project Setup
[info] 
[info] First, let's associate this project directory with a Firebase project.
[info] You can create multiple project aliases by running firebase use --add, 
[info] but for now we'll just set up a default project.
[info] 
